INFO: 2017/05/12 10:20:07.021034 main.go:25: I'm about to do something!
INFO: 2017/05/12 10:21:44.635034 main.go:25: I'm about to do something!
INFO: 2017/05/12 10:26:36.887034 main.go:25: I'm about to do something!
INFO: 2017/05/12 10:27:30.928034 main.go:25: I'm about to do something!
INFO: 2017/05/12 10:27:42.749034 main.go:25: I'm about to do something!
INFO: 2017/05/12 10:27:56.851034 main.go:25: I'm about to do something!
INFO: 2017/05/12 10:28:19.722034 main.go:25: I'm about to do something!
INFO: 2017/05/12 10:28:21.361034 main.go:25: I'm about to do something!
INFO: 2017/05/12 10:32:39.042034 main.go:25: I'm about to do something!
INFO: 2017/05/12 10:33:03.658034 main.go:25: I'm about to do something!
INFO: 2017/05/12 10:33:17.368034 main.go:25: I'm about to do something!
INFO: 2017/05/12 10:33:22.022034 main.go:25: I'm about to do something!
INFO: 2017/05/12 10:33:32.253034 main.go:25: I'm about to do something!
INFO: 2017/05/12 10:44:56.122034 main.go:25: Info   I'm about to do something!
ERROR: 2017/05/12 10:44:56.141034 main.go:26: Error I'm about to do something!
FATAL: 2017/05/12 10:44:56.220034 main.go:27: Fatal I'm about to do something!
INFO:  2017/05/12 10:52:42.383034 main.go:25: Info   I'm about to do something!
ERROR: 2017/05/12 10:52:42.400034 main.go:26: Error I'm about to do something!
FATAL: 2017/05/12 10:52:42.401034 main.go:27: Fatal I'm about to do something!
INFO:  2017/05/12 10:53:03.674034 main.go:25: Info  I'm about to do something!
ERROR: 2017/05/12 10:53:03.690034 main.go:26: Error I'm about to do something!
FATAL: 2017/05/12 10:53:03.691034 main.go:27: Fatal I'm about to do something!
INFO:  2017/05/12 11:09:31.462034 main.go:25: Info  I'm about to do something!
ERROR: 2017/05/12 11:09:31.482034 main.go:26: Error I'm about to do something!
FATAL: 2017/05/12 11:09:31.482034 main.go:27: Fatal I'm about to do something!
